2019-09-25 14:43:52,483 DEBUG [http-nio-8007-exec-10] SaveRoleController:31 - Sample debug message
 2019-09-25 14:43:52,490  INFO [http-nio-8007-exec-10] SaveRoleController:32 - Sample info message
 2019-09-25 14:43:52,490  WARN [http-nio-8007-exec-10] SaveRoleController:33 - Sample warn message
 2019-09-25 14:43:52,490 ERROR [http-nio-8007-exec-10] SaveRoleController:34 - Sample error message
 2019-09-25 14:43:52,490 FATAL [http-nio-8007-exec-10] SaveRoleController:35 - Sample fatal message
 2019-09-25 15:21:07,413 DEBUG [http-nio-8007-exec-29] SaveRoleController:31 - Sample debug message
 2019-09-25 15:21:07,419  INFO [http-nio-8007-exec-29] SaveRoleController:32 - Sample info message
 2019-09-25 15:21:07,419  WARN [http-nio-8007-exec-29] SaveRoleController:33 - Sample warn message
 2019-09-25 15:21:07,420 ERROR [http-nio-8007-exec-29] SaveRoleController:34 - Sample error message
 2019-09-25 15:21:07,420 FATAL [http-nio-8007-exec-29] SaveRoleController:35 - Sample fatal message
 2019-09-25 16:47:59,816 DEBUG [http-nio-8007-exec-8] SaveRoleController:35 - Sample debug message
 2019-09-25 16:47:59,823  INFO [http-nio-8007-exec-8] SaveRoleController:36 - Sample info message
 2019-09-25 16:47:59,823  WARN [http-nio-8007-exec-8] SaveRoleController:37 - Sample warn message
 2019-09-25 16:47:59,826 ERROR [http-nio-8007-exec-8] SaveRoleController:38 - Sample error message
 2019-09-25 16:47:59,826 FATAL [http-nio-8007-exec-8] SaveRoleController:39 - Sample fatal message
 2019-09-25 16:47:59,826  INFO [http-nio-8007-exec-8] SaveRoleController:42 - AssociateTier1
 2019-09-25 16:47:59,928 DEBUG [http-nio-8007-exec-8] SaveRoleController2:28 - Sample debug message
 2019-09-25 16:47:59,929  INFO [http-nio-8007-exec-8] SaveRoleController2:29 - Sample info message
 2019-09-25 16:47:59,929  WARN [http-nio-8007-exec-8] SaveRoleController2:30 - Sample warn message
 2019-09-25 16:47:59,929 ERROR [http-nio-8007-exec-8] SaveRoleController2:31 - Sample error message
 2019-09-25 16:47:59,930 FATAL [http-nio-8007-exec-8] SaveRoleController2:32 - Sample fatal message
 2019-09-25 16:48:32,750 DEBUG [http-nio-8007-exec-3] SaveRoleController:35 - Sample debug message
 2019-09-25 16:48:32,752  INFO [http-nio-8007-exec-3] SaveRoleController:36 - Sample info message
 2019-09-25 16:48:32,752  WARN [http-nio-8007-exec-3] SaveRoleController:37 - Sample warn message
 2019-09-25 16:48:32,752 ERROR [http-nio-8007-exec-3] SaveRoleController:38 - Sample error message
 2019-09-25 16:48:32,753 FATAL [http-nio-8007-exec-3] SaveRoleController:39 - Sample fatal message
 2019-09-25 16:48:32,753  INFO [http-nio-8007-exec-3] SaveRoleController:42 - AssociateTier-2
 2019-09-25 16:48:32,911 DEBUG [http-nio-8007-exec-3] SaveRoleController2:28 - Sample debug message
 2019-09-25 16:48:32,912  INFO [http-nio-8007-exec-3] SaveRoleController2:29 - Sample info message
 2019-09-25 16:48:32,912  WARN [http-nio-8007-exec-3] SaveRoleController2:30 - Sample warn message
 2019-09-25 16:48:32,913 ERROR [http-nio-8007-exec-3] SaveRoleController2:31 - Sample error message
 2019-09-25 16:48:32,913 FATAL [http-nio-8007-exec-3] SaveRoleController2:32 - Sample fatal message
 2019-09-25 18:53:28,017 DEBUG [http-nio-8007-exec-1] SaveRoleController:31 - Sample debug message
 2019-09-25 18:53:28,025  INFO [http-nio-8007-exec-1] SaveRoleController:32 - Sample info message
 2019-09-25 18:53:28,025  WARN [http-nio-8007-exec-1] SaveRoleController:33 - Sample warn message
 2019-09-25 18:53:28,025 ERROR [http-nio-8007-exec-1] SaveRoleController:34 - Sample error message
 2019-09-25 18:53:28,025 FATAL [http-nio-8007-exec-1] SaveRoleController:35 - Sample fatal message
 2019-09-26 09:12:56,258 DEBUG [http-nio-8007-exec-12] SaveRoleController:31 - Sample debug message
 2019-09-26 09:12:56,279  INFO [http-nio-8007-exec-12] SaveRoleController:32 - Sample info message
 2019-09-26 09:12:56,280  WARN [http-nio-8007-exec-12] SaveRoleController:33 - Sample warn message
 2019-09-26 09:12:56,280 ERROR [http-nio-8007-exec-12] SaveRoleController:34 - Sample error message
 2019-09-26 09:12:56,280 FATAL [http-nio-8007-exec-12] SaveRoleController:35 - Sample fatal message
 2019-09-26 09:18:16,556 DEBUG [http-nio-8007-exec-10] SaveRoleController:31 - Sample debug message
 2019-09-26 09:18:16,564  INFO [http-nio-8007-exec-10] SaveRoleController:32 - Sample info message
 2019-09-26 09:18:16,564  WARN [http-nio-8007-exec-10] SaveRoleController:33 - Sample warn message
 2019-09-26 09:18:16,565 ERROR [http-nio-8007-exec-10] SaveRoleController:34 - Sample error message
 2019-09-26 09:18:16,565 FATAL [http-nio-8007-exec-10] SaveRoleController:35 - Sample fatal message
 2019-09-26 09:24:36,410 DEBUG [http-nio-8007-exec-4] SaveRoleController:31 - Sample debug message
 2019-09-26 09:24:36,419  INFO [http-nio-8007-exec-4] SaveRoleController:32 - Sample info message
 2019-09-26 09:24:36,419  WARN [http-nio-8007-exec-4] SaveRoleController:33 - Sample warn message
 2019-09-26 09:24:36,420 ERROR [http-nio-8007-exec-4] SaveRoleController:34 - Sample error message
 2019-09-26 09:24:36,420 FATAL [http-nio-8007-exec-4] SaveRoleController:35 - Sample fatal message
 2019-09-26 09:25:04,261 DEBUG [http-nio-8007-exec-11] SaveRoleController:31 - Sample debug message
 2019-09-26 09:25:04,263  INFO [http-nio-8007-exec-11] SaveRoleController:32 - Sample info message
 2019-09-26 09:25:04,264  WARN [http-nio-8007-exec-11] SaveRoleController:33 - Sample warn message
 2019-09-26 09:25:04,264 ERROR [http-nio-8007-exec-11] SaveRoleController:34 - Sample error message
 2019-09-26 09:25:04,264 FATAL [http-nio-8007-exec-11] SaveRoleController:35 - Sample fatal message
 2019-09-26 09:30:05,946 DEBUG [http-nio-8007-exec-6] SaveRoleController:31 - Sample debug message
 2019-09-26 09:30:05,952  INFO [http-nio-8007-exec-6] SaveRoleController:32 - Sample info message
 2019-09-26 09:30:05,953  WARN [http-nio-8007-exec-6] SaveRoleController:33 - Sample warn message
 2019-09-26 09:30:05,953 ERROR [http-nio-8007-exec-6] SaveRoleController:34 - Sample error message
 2019-09-26 09:30:05,953 FATAL [http-nio-8007-exec-6] SaveRoleController:35 - Sample fatal message
 2019-09-26 09:44:17,898 DEBUG [http-nio-8007-exec-6] SaveRoleController:31 - Sample debug message
 2019-09-26 09:44:17,904  INFO [http-nio-8007-exec-6] SaveRoleController:32 - Sample info message
 2019-09-26 09:44:17,905  WARN [http-nio-8007-exec-6] SaveRoleController:33 - Sample warn message
 2019-09-26 09:44:17,905 ERROR [http-nio-8007-exec-6] SaveRoleController:34 - Sample error message
 2019-09-26 09:44:17,905 FATAL [http-nio-8007-exec-6] SaveRoleController:35 - Sample fatal message
 2019-09-26 09:45:11,455 DEBUG [http-nio-8007-exec-1] SaveRoleController:31 - Sample debug message
 2019-09-26 09:45:11,462  INFO [http-nio-8007-exec-1] SaveRoleController:32 - Sample info message
 2019-09-26 09:45:11,464  WARN [http-nio-8007-exec-1] SaveRoleController:33 - Sample warn message
 2019-09-26 09:45:11,464 ERROR [http-nio-8007-exec-1] SaveRoleController:34 - Sample error message
 2019-09-26 09:45:11,464 FATAL [http-nio-8007-exec-1] SaveRoleController:35 - Sample fatal message
 2019-09-26 10:43:12,438 DEBUG [http-nio-8007-exec-6] SaveRoleController:31 - Sample debug message
 2019-09-26 10:43:12,445  INFO [http-nio-8007-exec-6] SaveRoleController:32 - Sample info message
 2019-09-26 10:43:12,445  WARN [http-nio-8007-exec-6] SaveRoleController:33 - Sample warn message
 2019-09-26 10:43:12,445 ERROR [http-nio-8007-exec-6] SaveRoleController:34 - Sample error message
 2019-09-26 10:43:12,446 FATAL [http-nio-8007-exec-6] SaveRoleController:35 - Sample fatal message
 2019-09-26 10:51:21,270 DEBUG [http-nio-8007-exec-1] SaveRoleController:31 - Sample debug message
 2019-09-26 10:51:21,277  INFO [http-nio-8007-exec-1] SaveRoleController:32 - Sample info message
 2019-09-26 10:51:21,278  WARN [http-nio-8007-exec-1] SaveRoleController:33 - Sample warn message
 2019-09-26 10:51:21,278 ERROR [http-nio-8007-exec-1] SaveRoleController:34 - Sample error message
 2019-09-26 10:51:21,278 FATAL [http-nio-8007-exec-1] SaveRoleController:35 - Sample fatal message
 2019-09-26 10:51:42,649 DEBUG [http-nio-8007-exec-7] SaveLoginController:34 - Sample debug message
 2019-09-26 10:51:42,650  INFO [http-nio-8007-exec-7] SaveLoginController:35 - Sample info message
 2019-09-26 10:51:42,650  WARN [http-nio-8007-exec-7] SaveLoginController:36 - Sample warn message
 2019-09-26 10:51:42,651 ERROR [http-nio-8007-exec-7] SaveLoginController:37 - Sample error message
 2019-09-26 10:51:42,651 FATAL [http-nio-8007-exec-7] SaveLoginController:38 - Sample fatal message
 2019-09-26 10:54:59,425 ERROR [http-nio-8007-exec-9] nominationController:73 - org.apache.jasper.JasperException: java.lang.NullPointerException
 2019-09-26 10:55:03,480 ERROR [http-nio-8007-exec-10] nominationController:73 - org.apache.jasper.JasperException: java.lang.NullPointerException
 2019-09-26 10:55:06,418 DEBUG [http-nio-8007-exec-8] SaveRoleController:31 - Sample debug message
 2019-09-26 10:55:06,419  INFO [http-nio-8007-exec-8] SaveRoleController:32 - Sample info message
 2019-09-26 10:55:06,420  WARN [http-nio-8007-exec-8] SaveRoleController:33 - Sample warn message
 2019-09-26 10:55:06,420 ERROR [http-nio-8007-exec-8] SaveRoleController:34 - Sample error message
 2019-09-26 10:55:06,420 FATAL [http-nio-8007-exec-8] SaveRoleController:35 - Sample fatal message
 2019-09-26 10:55:10,344 ERROR [http-nio-8007-exec-6] nominationController:73 - org.apache.jasper.JasperException: java.lang.NullPointerException
 2019-09-26 10:55:13,421 ERROR [http-nio-8007-exec-7] nominationController:73 - org.apache.jasper.JasperException: java.lang.NullPointerException
 2019-09-26 11:01:47,916 DEBUG [http-nio-8007-exec-3] SaveLoginController:34 - Sample debug message
 2019-09-26 11:01:47,927  INFO [http-nio-8007-exec-3] SaveLoginController:35 - Sample info message
 2019-09-26 11:01:47,927  WARN [http-nio-8007-exec-3] SaveLoginController:36 - Sample warn message
 2019-09-26 11:01:47,927 ERROR [http-nio-8007-exec-3] SaveLoginController:37 - Sample error message
 2019-09-26 11:01:47,927 FATAL [http-nio-8007-exec-3] SaveLoginController:38 - Sample fatal message
 2019-09-26 11:02:35,616 DEBUG [http-nio-8007-exec-10] SaveLoginController:34 - Sample debug message
 2019-09-26 11:02:35,616  INFO [http-nio-8007-exec-10] SaveLoginController:35 - Sample info message
 2019-09-26 11:02:35,617  WARN [http-nio-8007-exec-10] SaveLoginController:36 - Sample warn message
 2019-09-26 11:02:35,617 ERROR [http-nio-8007-exec-10] SaveLoginController:37 - Sample error message
 2019-09-26 11:02:35,617 FATAL [http-nio-8007-exec-10] SaveLoginController:38 - Sample fatal message
 2019-09-26 11:02:35,624 DEBUG [http-nio-8007-exec-10] nominationController:47 - Sample debug message
 2019-09-26 11:02:35,625  INFO [http-nio-8007-exec-10] nominationController:48 - Sample info message
 2019-09-26 11:02:35,625  WARN [http-nio-8007-exec-10] nominationController:49 - Sample warn message
 2019-09-26 11:02:35,625 ERROR [http-nio-8007-exec-10] nominationController:50 - Sample error message
 2019-09-26 11:02:35,625 FATAL [http-nio-8007-exec-10] nominationController:51 - Sample fatal message
 2019-09-26 11:02:35,692 DEBUG [http-nio-8007-exec-10] nominationController2:26 - Sample debug message
 2019-09-26 11:02:35,693  INFO [http-nio-8007-exec-10] nominationController2:27 - Sample info message
 2019-09-26 11:02:35,693  WARN [http-nio-8007-exec-10] nominationController2:28 - Sample warn message
 2019-09-26 11:02:35,693 ERROR [http-nio-8007-exec-10] nominationController2:29 - Sample error message
 2019-09-26 11:02:35,693 FATAL [http-nio-8007-exec-10] nominationController2:30 - Sample fatal message
 2019-09-26 11:02:35,695 ERROR [http-nio-8007-exec-10] nominationController:73 - java.lang.IllegalStateException: Cannot forward after response has been committed
 2019-09-26 11:02:40,736 DEBUG [http-nio-8007-exec-4] SaveRoleController:31 - Sample debug message
 2019-09-26 11:02:40,738  INFO [http-nio-8007-exec-4] SaveRoleController:32 - Sample info message
 2019-09-26 11:02:40,738  WARN [http-nio-8007-exec-4] SaveRoleController:33 - Sample warn message
 2019-09-26 11:02:40,738 ERROR [http-nio-8007-exec-4] SaveRoleController:34 - Sample error message
 2019-09-26 11:02:40,739 FATAL [http-nio-8007-exec-4] SaveRoleController:35 - Sample fatal message
 2019-09-26 11:02:52,538 DEBUG [http-nio-8007-exec-10] SaveRoleController:31 - Sample debug message
 2019-09-26 11:02:52,539  INFO [http-nio-8007-exec-10] SaveRoleController:32 - Sample info message
 2019-09-26 11:02:52,539  WARN [http-nio-8007-exec-10] SaveRoleController:33 - Sample warn message
 2019-09-26 11:02:52,539 ERROR [http-nio-8007-exec-10] SaveRoleController:34 - Sample error message
 2019-09-26 11:02:52,540 FATAL [http-nio-8007-exec-10] SaveRoleController:35 - Sample fatal message
 2019-09-26 11:05:29,213 DEBUG [http-nio-8007-exec-2] SaveRoleController:31 - Sample debug message
 2019-09-26 11:05:29,220  INFO [http-nio-8007-exec-2] SaveRoleController:32 - Sample info message
 2019-09-26 11:05:29,220  WARN [http-nio-8007-exec-2] SaveRoleController:33 - Sample warn message
 2019-09-26 11:05:29,220 ERROR [http-nio-8007-exec-2] SaveRoleController:34 - Sample error message
 2019-09-26 11:05:29,220 FATAL [http-nio-8007-exec-2] SaveRoleController:35 - Sample fatal message
 2019-09-26 11:05:38,025 DEBUG [http-nio-8007-exec-11] SaveLoginController:34 - Sample debug message
 2019-09-26 11:05:38,026  INFO [http-nio-8007-exec-11] SaveLoginController:35 - Sample info message
 2019-09-26 11:05:38,026  WARN [http-nio-8007-exec-11] SaveLoginController:36 - Sample warn message
 2019-09-26 11:05:38,026 ERROR [http-nio-8007-exec-11] SaveLoginController:37 - Sample error message
 2019-09-26 11:05:38,027 FATAL [http-nio-8007-exec-11] SaveLoginController:38 - Sample fatal message
 2019-09-26 11:05:46,545 DEBUG [http-nio-8007-exec-12] nominationController:47 - Sample debug message
 2019-09-26 11:05:46,546  INFO [http-nio-8007-exec-12] nominationController:48 - Sample info message
 2019-09-26 11:05:46,546  WARN [http-nio-8007-exec-12] nominationController:49 - Sample warn message
 2019-09-26 11:05:46,546 ERROR [http-nio-8007-exec-12] nominationController:50 - Sample error message
 2019-09-26 11:05:46,546 FATAL [http-nio-8007-exec-12] nominationController:51 - Sample fatal message
 2019-09-26 11:05:46,634 DEBUG [http-nio-8007-exec-12] nominationController2:26 - Sample debug message
 2019-09-26 11:05:46,634  INFO [http-nio-8007-exec-12] nominationController2:27 - Sample info message
 2019-09-26 11:05:46,634  WARN [http-nio-8007-exec-12] nominationController2:28 - Sample warn message
 2019-09-26 11:05:46,634 ERROR [http-nio-8007-exec-12] nominationController2:29 - Sample error message
 2019-09-26 11:05:46,635 FATAL [http-nio-8007-exec-12] nominationController2:30 - Sample fatal message
 2019-09-26 11:05:46,635 ERROR [http-nio-8007-exec-12] nominationController:73 - java.lang.IllegalStateException: Cannot forward after response has been committed
 2019-09-26 11:06:15,338 DEBUG [http-nio-8007-exec-13] SaveRoleController:31 - Sample debug message
 2019-09-26 11:06:15,340  INFO [http-nio-8007-exec-13] SaveRoleController:32 - Sample info message
 2019-09-26 11:06:15,341  WARN [http-nio-8007-exec-13] SaveRoleController:33 - Sample warn message
 2019-09-26 11:06:15,341 ERROR [http-nio-8007-exec-13] SaveRoleController:34 - Sample error message
 2019-09-26 11:06:15,341 FATAL [http-nio-8007-exec-13] SaveRoleController:35 - Sample fatal message
 2019-09-26 11:09:14,849 DEBUG [http-nio-8007-exec-11] SaveRoleController:31 - Sample debug message
 2019-09-26 11:09:14,849  INFO [http-nio-8007-exec-11] SaveRoleController:32 - Sample info message
 2019-09-26 11:09:14,849  WARN [http-nio-8007-exec-11] SaveRoleController:33 - Sample warn message
 2019-09-26 11:09:14,849 ERROR [http-nio-8007-exec-11] SaveRoleController:34 - Sample error message
 2019-09-26 11:09:14,850 FATAL [http-nio-8007-exec-11] SaveRoleController:35 - Sample fatal message
 2019-09-26 11:13:32,582 DEBUG [http-nio-8007-exec-14] SaveRoleController:31 - Sample debug message
 2019-09-26 11:13:32,588  INFO [http-nio-8007-exec-14] SaveRoleController:32 - Sample info message
 2019-09-26 11:13:32,588  WARN [http-nio-8007-exec-14] SaveRoleController:33 - Sample warn message
 2019-09-26 11:13:32,589 ERROR [http-nio-8007-exec-14] SaveRoleController:34 - Sample error message
 2019-09-26 11:13:32,597 FATAL [http-nio-8007-exec-14] SaveRoleController:35 - Sample fatal message
 2019-09-26 11:13:52,817 DEBUG [http-nio-8007-exec-15] SaveRoleController:31 - Sample debug message
 2019-09-26 11:13:52,818  INFO [http-nio-8007-exec-15] SaveRoleController:32 - Sample info message
 2019-09-26 11:13:52,819  WARN [http-nio-8007-exec-15] SaveRoleController:33 - Sample warn message
 2019-09-26 11:13:52,819 ERROR [http-nio-8007-exec-15] SaveRoleController:34 - Sample error message
 2019-09-26 11:13:52,819 FATAL [http-nio-8007-exec-15] SaveRoleController:35 - Sample fatal message
 2019-09-26 11:24:20,102 DEBUG [http-nio-8007-exec-22] SaveRoleController:31 - Sample debug message
 2019-09-26 11:24:20,103  INFO [http-nio-8007-exec-22] SaveRoleController:32 - Sample info message
 2019-09-26 11:24:20,103  WARN [http-nio-8007-exec-22] SaveRoleController:33 - Sample warn message
 2019-09-26 11:24:20,103 ERROR [http-nio-8007-exec-22] SaveRoleController:34 - Sample error message
 2019-09-26 11:24:20,103 FATAL [http-nio-8007-exec-22] SaveRoleController:35 - Sample fatal message
 2019-09-26 11:24:28,093 DEBUG [http-nio-8007-exec-22] SaveRoleController:31 - Sample debug message
 2019-09-26 11:24:28,093  INFO [http-nio-8007-exec-22] SaveRoleController:32 - Sample info message
 2019-09-26 11:24:28,093  WARN [http-nio-8007-exec-22] SaveRoleController:33 - Sample warn message
 2019-09-26 11:24:28,093 ERROR [http-nio-8007-exec-22] SaveRoleController:34 - Sample error message
 2019-09-26 11:24:28,093 FATAL [http-nio-8007-exec-22] SaveRoleController:35 - Sample fatal message
 2019-09-26 11:27:27,494 DEBUG [http-nio-8007-exec-20] SaveRoleController:31 - Sample debug message
 2019-09-26 11:27:27,494  INFO [http-nio-8007-exec-20] SaveRoleController:32 - Sample info message
 2019-09-26 11:27:27,494  WARN [http-nio-8007-exec-20] SaveRoleController:33 - Sample warn message
 2019-09-26 11:27:27,494 ERROR [http-nio-8007-exec-20] SaveRoleController:34 - Sample error message
 2019-09-26 11:27:27,495 FATAL [http-nio-8007-exec-20] SaveRoleController:35 - Sample fatal message
 2019-09-26 11:31:23,787 DEBUG [http-nio-8007-exec-19] SaveRoleController:31 - Sample debug message
 2019-09-26 11:31:23,788  INFO [http-nio-8007-exec-19] SaveRoleController:32 - Sample info message
 2019-09-26 11:31:23,788  WARN [http-nio-8007-exec-19] SaveRoleController:33 - Sample warn message
 2019-09-26 11:31:23,788 ERROR [http-nio-8007-exec-19] SaveRoleController:34 - Sample error message
 2019-09-26 11:31:23,788 FATAL [http-nio-8007-exec-19] SaveRoleController:35 - Sample fatal message
 2019-09-26 11:32:39,846 DEBUG [http-nio-8007-exec-20] SaveRoleController:35 - Sample debug message
 2019-09-26 11:32:39,846  INFO [http-nio-8007-exec-20] SaveRoleController:36 - Sample info message
 2019-09-26 11:32:39,846  WARN [http-nio-8007-exec-20] SaveRoleController:37 - Sample warn message
 2019-09-26 11:32:39,846 ERROR [http-nio-8007-exec-20] SaveRoleController:38 - Sample error message
 2019-09-26 11:32:39,846 FATAL [http-nio-8007-exec-20] SaveRoleController:39 - Sample fatal message
 2019-09-26 11:32:39,846  INFO [http-nio-8007-exec-20] SaveRoleController:42 - AssociateTier-3
 2019-09-26 11:32:40,016 DEBUG [http-nio-8007-exec-20] SaveRoleController2:28 - Sample debug message
 2019-09-26 11:32:40,017  INFO [http-nio-8007-exec-20] SaveRoleController2:29 - Sample info message
 2019-09-26 11:32:40,018  WARN [http-nio-8007-exec-20] SaveRoleController2:30 - Sample warn message
 2019-09-26 11:32:40,019 ERROR [http-nio-8007-exec-20] SaveRoleController2:31 - Sample error message
 2019-09-26 11:32:40,019 FATAL [http-nio-8007-exec-20] SaveRoleController2:32 - Sample fatal message
 2019-09-26 11:39:32,344 DEBUG [http-nio-8007-exec-21] SaveRoleController:31 - Sample debug message
 2019-09-26 11:39:32,345  INFO [http-nio-8007-exec-21] SaveRoleController:32 - Sample info message
 2019-09-26 11:39:32,345  WARN [http-nio-8007-exec-21] SaveRoleController:33 - Sample warn message
 2019-09-26 11:39:32,345 ERROR [http-nio-8007-exec-21] SaveRoleController:34 - Sample error message
 2019-09-26 11:39:32,345 FATAL [http-nio-8007-exec-21] SaveRoleController:35 - Sample fatal message
 2019-09-26 11:41:33,937 DEBUG [http-nio-8007-exec-22] SaveLoginController:34 - Sample debug message
 2019-09-26 11:41:33,937  INFO [http-nio-8007-exec-22] SaveLoginController:35 - Sample info message
 2019-09-26 11:41:33,937  WARN [http-nio-8007-exec-22] SaveLoginController:36 - Sample warn message
 2019-09-26 11:41:33,937 ERROR [http-nio-8007-exec-22] SaveLoginController:37 - Sample error message
 2019-09-26 11:41:33,938 FATAL [http-nio-8007-exec-22] SaveLoginController:38 - Sample fatal message
 2019-09-26 11:42:14,495 DEBUG [http-nio-8007-exec-18] SaveLoginController:34 - Sample debug message
 2019-09-26 11:42:14,496  INFO [http-nio-8007-exec-18] SaveLoginController:35 - Sample info message
 2019-09-26 11:42:14,496  WARN [http-nio-8007-exec-18] SaveLoginController:36 - Sample warn message
 2019-09-26 11:42:14,496 ERROR [http-nio-8007-exec-18] SaveLoginController:37 - Sample error message
 2019-09-26 11:42:14,496 FATAL [http-nio-8007-exec-18] SaveLoginController:38 - Sample fatal message
 2019-09-26 11:42:14,502 DEBUG [http-nio-8007-exec-18] nominationController:47 - Sample debug message
 2019-09-26 11:42:14,503  INFO [http-nio-8007-exec-18] nominationController:48 - Sample info message
 2019-09-26 11:42:14,503  WARN [http-nio-8007-exec-18] nominationController:49 - Sample warn message
 2019-09-26 11:42:14,503 ERROR [http-nio-8007-exec-18] nominationController:50 - Sample error message
 2019-09-26 11:42:14,503 FATAL [http-nio-8007-exec-18] nominationController:51 - Sample fatal message
 2019-09-26 11:42:14,570 DEBUG [http-nio-8007-exec-18] nominationController2:26 - Sample debug message
 2019-09-26 11:42:14,570  INFO [http-nio-8007-exec-18] nominationController2:27 - Sample info message
 2019-09-26 11:42:14,570  WARN [http-nio-8007-exec-18] nominationController2:28 - Sample warn message
 2019-09-26 11:42:14,570 ERROR [http-nio-8007-exec-18] nominationController2:29 - Sample error message
 2019-09-26 11:42:14,570 FATAL [http-nio-8007-exec-18] nominationController2:30 - Sample fatal message
 2019-09-26 11:42:14,571 ERROR [http-nio-8007-exec-18] nominationController:73 - java.lang.IllegalStateException: Cannot forward after response has been committed
 2019-09-26 11:42:18,305 DEBUG [http-nio-8007-exec-21] SaveLoginController:34 - Sample debug message
 2019-09-26 11:42:18,305  INFO [http-nio-8007-exec-21] SaveLoginController:35 - Sample info message
 2019-09-26 11:42:18,305  WARN [http-nio-8007-exec-21] SaveLoginController:36 - Sample warn message
 2019-09-26 11:42:18,306 ERROR [http-nio-8007-exec-21] SaveLoginController:37 - Sample error message
 2019-09-26 11:42:18,306 FATAL [http-nio-8007-exec-21] SaveLoginController:38 - Sample fatal message
 2019-09-26 11:46:45,933 DEBUG [http-nio-8007-exec-19] SaveLoginController:34 - Sample debug message
 2019-09-26 11:46:45,933  INFO [http-nio-8007-exec-19] SaveLoginController:35 - Sample info message
 2019-09-26 11:46:45,933  WARN [http-nio-8007-exec-19] SaveLoginController:36 - Sample warn message
 2019-09-26 11:46:45,933 ERROR [http-nio-8007-exec-19] SaveLoginController:37 - Sample error message
 2019-09-26 11:46:45,934 FATAL [http-nio-8007-exec-19] SaveLoginController:38 - Sample fatal message
 2019-09-26 11:46:47,145 DEBUG [http-nio-8007-exec-20] SaveLoginController:34 - Sample debug message
 2019-09-26 11:46:47,146  INFO [http-nio-8007-exec-20] SaveLoginController:35 - Sample info message
 2019-09-26 11:46:47,146  WARN [http-nio-8007-exec-20] SaveLoginController:36 - Sample warn message
 2019-09-26 11:46:47,146 ERROR [http-nio-8007-exec-20] SaveLoginController:37 - Sample error message
 2019-09-26 11:46:47,146 FATAL [http-nio-8007-exec-20] SaveLoginController:38 - Sample fatal message
 2019-09-26 11:46:48,731 DEBUG [http-nio-8007-exec-18] SaveRoleController:31 - Sample debug message
 2019-09-26 11:46:48,732  INFO [http-nio-8007-exec-18] SaveRoleController:32 - Sample info message
 2019-09-26 11:46:48,732  WARN [http-nio-8007-exec-18] SaveRoleController:33 - Sample warn message
 2019-09-26 11:46:48,733 ERROR [http-nio-8007-exec-18] SaveRoleController:34 - Sample error message
 2019-09-26 11:46:48,733 FATAL [http-nio-8007-exec-18] SaveRoleController:35 - Sample fatal message
 2019-09-26 11:46:58,026 DEBUG [http-nio-8007-exec-18] SaveLoginController:34 - Sample debug message
 2019-09-26 11:46:58,026  INFO [http-nio-8007-exec-18] SaveLoginController:35 - Sample info message
 2019-09-26 11:46:58,026  WARN [http-nio-8007-exec-18] SaveLoginController:36 - Sample warn message
 2019-09-26 11:46:58,026 ERROR [http-nio-8007-exec-18] SaveLoginController:37 - Sample error message
 2019-09-26 11:46:58,026 FATAL [http-nio-8007-exec-18] SaveLoginController:38 - Sample fatal message
 2019-09-26 11:47:07,915 DEBUG [http-nio-8007-exec-21] nominationController:47 - Sample debug message
 2019-09-26 11:47:07,916  INFO [http-nio-8007-exec-21] nominationController:48 - Sample info message
 2019-09-26 11:47:07,916  WARN [http-nio-8007-exec-21] nominationController:49 - Sample warn message
 2019-09-26 11:47:07,916 ERROR [http-nio-8007-exec-21] nominationController:50 - Sample error message
 2019-09-26 11:47:07,916 FATAL [http-nio-8007-exec-21] nominationController:51 - Sample fatal message
 2019-09-26 11:47:07,964 DEBUG [http-nio-8007-exec-21] nominationController2:26 - Sample debug message
 2019-09-26 11:47:07,964  INFO [http-nio-8007-exec-21] nominationController2:27 - Sample info message
 2019-09-26 11:47:07,964  WARN [http-nio-8007-exec-21] nominationController2:28 - Sample warn message
 2019-09-26 11:47:07,965 ERROR [http-nio-8007-exec-21] nominationController2:29 - Sample error message
 2019-09-26 11:47:07,965 FATAL [http-nio-8007-exec-21] nominationController2:30 - Sample fatal message
 2019-09-26 11:47:07,965 ERROR [http-nio-8007-exec-21] nominationController:73 - java.lang.IllegalStateException: Cannot forward after response has been committed
 2019-09-26 11:50:02,353 DEBUG [http-nio-8007-exec-19] SaveRoleController:31 - Sample debug message
 2019-09-26 11:50:02,354  INFO [http-nio-8007-exec-19] SaveRoleController:32 - Sample info message
 2019-09-26 11:50:02,355  WARN [http-nio-8007-exec-19] SaveRoleController:33 - Sample warn message
 2019-09-26 11:50:02,355 ERROR [http-nio-8007-exec-19] SaveRoleController:34 - Sample error message
 2019-09-26 11:50:02,355 FATAL [http-nio-8007-exec-19] SaveRoleController:35 - Sample fatal message
 2019-09-26 11:52:37,893 DEBUG [http-nio-8007-exec-21] SaveRoleController:31 - Sample debug message
 2019-09-26 11:52:37,893  INFO [http-nio-8007-exec-21] SaveRoleController:32 - Sample info message
 2019-09-26 11:52:37,893  WARN [http-nio-8007-exec-21] SaveRoleController:33 - Sample warn message
 2019-09-26 11:52:37,893 ERROR [http-nio-8007-exec-21] SaveRoleController:34 - Sample error message
 2019-09-26 11:52:37,893 FATAL [http-nio-8007-exec-21] SaveRoleController:35 - Sample fatal message
 2019-09-26 11:58:16,627 DEBUG [http-nio-8007-exec-22] SaveRoleController:31 - Sample debug message
 2019-09-26 11:58:16,627  INFO [http-nio-8007-exec-22] SaveRoleController:32 - Sample info message
 2019-09-26 11:58:16,628  WARN [http-nio-8007-exec-22] SaveRoleController:33 - Sample warn message
 2019-09-26 11:58:16,628 ERROR [http-nio-8007-exec-22] SaveRoleController:34 - Sample error message
 2019-09-26 11:58:16,628 FATAL [http-nio-8007-exec-22] SaveRoleController:35 - Sample fatal message
 2019-09-26 12:00:28,888 DEBUG [http-nio-8007-exec-17] SaveRoleController:31 - Sample debug message
 2019-09-26 12:00:28,888  INFO [http-nio-8007-exec-17] SaveRoleController:32 - Sample info message
 2019-09-26 12:00:28,888  WARN [http-nio-8007-exec-17] SaveRoleController:33 - Sample warn message
 2019-09-26 12:00:28,889 ERROR [http-nio-8007-exec-17] SaveRoleController:34 - Sample error message
 2019-09-26 12:00:28,889 FATAL [http-nio-8007-exec-17] SaveRoleController:35 - Sample fatal message
 2019-09-26 12:19:09,358 DEBUG [http-nio-8007-exec-22] SaveRoleController:31 - Sample debug message
 2019-09-26 12:19:09,359  INFO [http-nio-8007-exec-22] SaveRoleController:32 - Sample info message
 2019-09-26 12:19:09,359  WARN [http-nio-8007-exec-22] SaveRoleController:33 - Sample warn message
 2019-09-26 12:19:09,359 ERROR [http-nio-8007-exec-22] SaveRoleController:34 - Sample error message
 2019-09-26 12:19:09,359 FATAL [http-nio-8007-exec-22] SaveRoleController:35 - Sample fatal message
 2019-09-26 12:24:01,307 DEBUG [http-nio-8007-exec-17] SaveRoleController:31 - Sample debug message
 2019-09-26 12:24:01,315  INFO [http-nio-8007-exec-17] SaveRoleController:32 - Sample info message
 2019-09-26 12:24:01,315  WARN [http-nio-8007-exec-17] SaveRoleController:33 - Sample warn message
 2019-09-26 12:24:01,315 ERROR [http-nio-8007-exec-17] SaveRoleController:34 - Sample error message
 2019-09-26 12:24:01,316 FATAL [http-nio-8007-exec-17] SaveRoleController:35 - Sample fatal message
 